Arguments: 
  C:\Program Files\nodejs\node.exe C:\Users\PCPowerCase\AppData\Roaming\npm\node_modules\yarn\bin\yarn.js

PATH: 
  C:\Program Files (x86)\Common Files\Intel\Shared Libraries\redist\intel64_win\compiler;C:\Program Files\Java\jdk-18.0.2.1\bin;C:\Program Files\Common Files\Oracle\Java\javapath;C:\Program Files (x86)\Razer Chroma SDK\bin;C:\Program Files\Razer Chroma SDK\bin;C:\Program Files (x86)\Razer\ChromaBroadcast\bin;C:\Program Files\Razer\ChromaBroadcast\bin;C:\Windows\system32;C:\Windows;C:\Windows\System32\Wbem;C:\Windows\System32\WindowsPowerShell\v1.0\;C:\Windows\System32\OpenSSH\;C:\Program Files (x86)\NVIDIA Corporation\PhysX\Common;C:\Program Files\NVIDIA Corporation\NVIDIA NvDLISR;C:\WINDOWS\system32;C:\WINDOWS;C:\WINDOWS\System32\Wbem;C:\WINDOWS\System32\WindowsPowerShell\v1.0\;C:\WINDOWS\System32\OpenSSH\;C:\WINDOWS\system32\config\systemprofile\AppData\Local\Microsoft\WindowsApps;C:\Users\PCPowerCase\AppData\Local\Microsoft\WindowsApps;C:\Users\PCPowerCase\AppData\Local\Programs\Microsoft VS Code\bin;C:\Windows\system32;C:\Windows;C:\Windows\System32\Wbem;C:\Windows\System32\WindowsPowerShell\v1.0\;C:\Windows\System32\OpenSSH\;C:\Program Files\Git\cmd;C:\Program Files\nodejs\;C:\Program Files\nodejs\node_global\node_modules;C:\Program Files\MongoDB\Server\6.0\bin;C:\Users\PCPowerCase\AppData\Local\Microsoft\WindowsApps;C:\Users\PCPowerCase\AppData\Local\Programs\Microsoft VS Code\bin;D:\QQ游戏\QQGameTempest\Hall.57734\;C:\Users\PCPowerCase\AppData\Local\GitHubDesktop\bin;C:\Users\PCPowerCase\AppData\Roaming\npm;C:\Program Files\nodejs\node_global;

Yarn version: 
  1.22.19

Node version: 
  18.16.0

Platform: 
  win32 x64

Trace: 
  Error: ENOENT: no such file or directory, copyfile 'C:\Users\PCPowerCase\AppData\Local\Yarn\Cache\v6\npm-raw-body-2.3.3-1b324ece6b5706e153855bc1148c65bb7f6ea0c3-integrity\node_modules\raw-body\HISTORY.md' -> 'C:\Users\PCPowerCase\Desktop\1\app\node_modules\express\node_modules\raw-body\HISTORY.md'

npm manifest: 
  {
    "name": "app",
    "version": "0.0.0",
    "private": true,
    "scripts": {
      "start": "node ./bin/www",
      "dev": "node-dev ./bin/www"
    },
    "dependencies": {
      "bcrypt": "^5.1.0",
      "body-parser": "^1.20.2",
      "cors": "^2.8.5",
      "crypto": "^1.0.1",
      "dayjs": "^1.11.7",
      "debug": "~2.6.9",
      "dotenv": "^16.0.3",
      "express": "~4.16.1",
      "express-jwt": "^8.4.1",
      "http-errors": "~1.6.3",
      "jade": "~1.11.0",
      "jsonwebtoken": "^9.0.0",
      "log4js": "^6.9.1",
      "mongoose": "^7.0.3",
      "morgan": "~1.9.1",
      "multer": "^1.4.5-lts.1",
      "mysql": "^2.18.1",
      "node-dev": "^8.0.0",
      "nodemailer": "^6.9.2",
      "request": "^2.88.2",
      "tencentcloud-sdk-nodejs-ses": "^4.0.598"
    },
    "volta": {
      "node": "18.16.0"
    }
  }

yarn manifest: 
  No manifest

Lockfile: 
  No lockfile
